<?xml version="1.0" encoding="UTF-8"?>
<!-- Generated by org.testng.reporters.JUnitReportReporter -->
<testsuite hostname="BSC-PF10PQMG" name="com.qa.tests.GetRequestPrintAllHeaders" tests="1" failures="0" timestamp="21 Jan 2020 11:16:00 GMT" time="2.761" errors="0">
  <testcase name="getRequestPrintAllHeaders" time="2.761" classname="com.qa.tests.GetRequestPrintAllHeaders"/>
</testsuite> <!-- com.qa.tests.GetRequestPrintAllHeaders -->
