<?xml version="1.0" encoding="UTF-8"?>
<!-- Generated by org.testng.reporters.JUnitReportReporter -->
<testsuite hostname="BSC-PF10PQMG" name="com.qa.tests.ApiRequestWithBasicAuth" tests="1" failures="0" timestamp="22 Jan 2020 06:59:43 GMT" time="2.982" errors="0">
  <testcase name="sendRequestWithAuth" time="2.982" classname="com.qa.tests.ApiRequestWithBasicAuth"/>
</testsuite> <!-- com.qa.tests.ApiRequestWithBasicAuth -->
