<?xml version="1.0" encoding="UTF-8"?>
<!-- Generated by org.testng.reporters.JUnitReportReporter -->
<testsuite hostname="BSC-PF10PQMG" name="com.qa.tests.ExtractNodeValueFromJson" tests="1" failures="0" timestamp="21 Jan 2020 11:44:18 GMT" time="3.537" errors="0">
  <testcase name="extractNodeValueFromJson" time="3.537" classname="com.qa.tests.ExtractNodeValueFromJson"/>
</testsuite> <!-- com.qa.tests.ExtractNodeValueFromJson -->
