<?xml version="1.0" encoding="UTF-8"?>
<!-- Generated by org.testng.reporters.JUnitReportReporter -->
<testsuite hostname="BSC-PF10PQMG" name="com.qa.tests.ValidateJsonResponseBody" tests="1" failures="0" timestamp="21 Jan 2020 11:19:54 GMT" time="2.845" errors="0">
  <testcase name="validateJsonResponse" time="2.845" classname="com.qa.tests.ValidateJsonResponseBody"/>
</testsuite> <!-- com.qa.tests.ValidateJsonResponseBody -->
