<?xml version="1.0" encoding="UTF-8"?>
<!-- Generated by org.testng.reporters.JUnitReportReporter -->
<testsuite hostname="BSC-PF10PQMG" name="com.qa.tests.GetRequestValidateHeaders" tests="1" failures="0" timestamp="21 Jan 2020 10:52:56 GMT" time="2.767" errors="0">
  <testcase name="getRequestWithHeaders" time="2.767" classname="com.qa.tests.GetRequestValidateHeaders"/>
</testsuite> <!-- com.qa.tests.GetRequestValidateHeaders -->
