<?xml version="1.0" encoding="UTF-8"?>
<!-- Generated by org.testng.reporters.JUnitReportReporter -->
<testsuite hostname="BSC-PF10PQMG" name="com.qa.tests.PostRequestDemo" tests="1" failures="0" timestamp="21 Jan 2020 10:25:16 GMT" time="3.146" errors="0">
  <testcase name="postRequest" time="3.146" classname="com.qa.tests.PostRequestDemo"/>
</testsuite> <!-- com.qa.tests.PostRequestDemo -->
