<?xml version="1.0" encoding="UTF-8"?>
<!-- Generated by org.testng.reporters.JUnitReportReporter -->
<testsuite hostname="BSC-PF10PQMG" name="com.qa.tests.GetRequestDemo" tests="1" failures="0" timestamp="21 Jan 2020 08:44:26 GMT" time="2.495" errors="0">
  <testcase name="getWeatherDetails" time="2.495" classname="com.qa.tests.GetRequestDemo"/>
</testsuite> <!-- com.qa.tests.GetRequestDemo -->
